=========================
Fcitx 5.1.9 -- Get Signal No.: 6
Date: try "date -d @1717927359" if you are using GNU date ***
ProcessID: 2556
fcitx5(+0xe26c)[0x5bd64dc6626c]
/usr/lib/libc.so.6(+0x3cae0)[0x7aa46f450ae0]
/usr/lib/libc.so.6(+0x94e44)[0x7aa46f4a8e44]
/usr/lib/libc.so.6(gsignal+0x20)[0x7aa46f450a30]
/usr/lib/libc.so.6(abort+0xdf)[0x7aa46f4384c3]
/usr/lib/libstdc++.so.6(_ZNSt6chrono3_V212system_clock3nowEv+0x0)[0x7aa46f6d2d60]
/usr/lib/fcitx5/libwaylandim.so(+0x25029)[0x7aa46daf5029]
/usr/lib/fcitx5/libwaylandim.so(+0x3302f)[0x7aa46db0302f]
/usr/lib/libffi.so.8(+0x7596)[0x7aa46e80d596]
/usr/lib/libffi.so.8(+0x400e)[0x7aa46e80a00e]
/usr/lib/libffi.so.8(ffi_call+0x123)[0x7aa46e80cbd3]
/usr/lib/libwayland-client.so.0(+0x7645)[0x7aa46dff5645]
/usr/lib/libwayland-client.so.0(+0x7e73)[0x7aa46dff5e73]
/usr/lib/libwayland-client.so.0(wl_display_dispatch_queue_pending+0x7c)[0x7aa46dff613c]
/usr/lib/fcitx5/libwayland.so(+0x1e5ca)[0x7aa46e82f5ca]
/usr/lib/libFcitx5Utils.so.2(+0x382af)[0x7aa46fb1b2af]
/usr/lib/libFcitx5Utils.so.2(+0x2fc11)[0x7aa46fb12c11]
/usr/lib/libsystemd.so.0(+0x8459a)[0x7aa46f9bc59a]
/usr/lib/libsystemd.so.0(sd_event_dispatch+0x13b)[0x7aa46f9bc90b]
/usr/lib/libsystemd.so.0(sd_event_run+0x119)[0x7aa46f9bef29]
/usr/lib/libsystemd.so.0(sd_event_loop+0x68)[0x7aa46f9bf108]
/usr/lib/libFcitx5Utils.so.2(_ZN5fcitx9EventLoop4execEv+0x16)[0x7aa46fb11166]
/usr/lib/libFcitx5Core.so.7(_ZN5fcitx8Instance4execEv+0x5c)[0x7aa46fbe758c]
fcitx5(+0xc660)[0x5bd64dc64660]
/usr/lib/libc.so.6(+0x25c88)[0x7aa46f439c88]
/usr/lib/libc.so.6(__libc_start_main+0x8c)[0x7aa46f439d4c]
fcitx5(+0xdaf5)[0x5bd64dc65af5]
